c:\users\giair\documents\grafica\virtuale\progetto\labingsw022021202204cg\engine\x64\release\vc142.pdb
c:\users\giair\documents\grafica\virtuale\progetto\labingsw022021202204cg\engine\x64\release\vertex.obj
c:\users\giair\documents\grafica\virtuale\progetto\labingsw022021202204cg\engine\x64\release\uiprojection.obj
c:\users\giair\documents\grafica\virtuale\progetto\labingsw022021202204cg\engine\x64\release\texture.obj
c:\users\giair\documents\grafica\virtuale\progetto\labingsw022021202204cg\engine\x64\release\spotlight.obj
c:\users\giair\documents\grafica\virtuale\progetto\labingsw022021202204cg\engine\x64\release\projection.obj
c:\users\giair\documents\grafica\virtuale\progetto\labingsw022021202204cg\engine\x64\release\pointlight.obj
c:\users\giair\documents\grafica\virtuale\progetto\labingsw022021202204cg\engine\x64\release\perspectiveprojection.obj
c:\users\giair\documents\grafica\virtuale\progetto\labingsw022021202204cg\engine\x64\release\filereader.obj
c:\users\giair\documents\grafica\virtuale\progetto\labingsw022021202204cg\engine\x64\release\orthogonalprojection.obj
c:\users\giair\documents\grafica\virtuale\progetto\labingsw022021202204cg\engine\x64\release\object.obj
c:\users\giair\documents\grafica\virtuale\progetto\labingsw022021202204cg\engine\x64\release\node.obj
c:\users\giair\documents\grafica\virtuale\progetto\labingsw022021202204cg\engine\x64\release\mesh.obj
c:\users\giair\documents\grafica\virtuale\progetto\labingsw022021202204cg\engine\x64\release\material.obj
c:\users\giair\documents\grafica\virtuale\progetto\labingsw022021202204cg\engine\x64\release\list.obj
c:\users\giair\documents\grafica\virtuale\progetto\labingsw022021202204cg\engine\x64\release\light.obj
c:\users\giair\documents\grafica\virtuale\progetto\labingsw022021202204cg\engine\x64\release\framerate.obj
c:\users\giair\documents\grafica\virtuale\progetto\labingsw022021202204cg\engine\x64\release\fakeshadow.obj
c:\users\giair\documents\grafica\virtuale\progetto\labingsw022021202204cg\engine\x64\release\engine.obj
c:\users\giair\documents\grafica\virtuale\progetto\labingsw022021202204cg\engine\x64\release\directionallight.obj
c:\users\giair\documents\grafica\virtuale\progetto\labingsw022021202204cg\engine\x64\release\camera.obj
c:\users\giair\documents\grafica\virtuale\progetto\labingsw022021202204cg\x64\release\engine.lib
c:\users\giair\documents\grafica\virtuale\progetto\labingsw022021202204cg\x64\release\engine.exp
c:\users\giair\documents\grafica\virtuale\progetto\labingsw022021202204cg\x64\release\engine.dll
c:\users\giair\documents\grafica\virtuale\progetto\labingsw022021202204cg\x64\release\engine.pdb
c:\users\giair\documents\lavoro\portfolio\graphicengine\engine\x64\release\camera.obj
c:\users\giair\documents\lavoro\portfolio\graphicengine\engine\x64\release\directionallight.obj
c:\users\giair\documents\lavoro\portfolio\graphicengine\engine\x64\release\engine.obj
c:\users\giair\documents\lavoro\portfolio\graphicengine\engine\x64\release\fakeshadow.obj
c:\users\giair\documents\lavoro\portfolio\graphicengine\engine\x64\release\filereader.obj
c:\users\giair\documents\lavoro\portfolio\graphicengine\engine\x64\release\framerate.obj
c:\users\giair\documents\lavoro\portfolio\graphicengine\engine\x64\release\light.obj
c:\users\giair\documents\lavoro\portfolio\graphicengine\engine\x64\release\list.obj
c:\users\giair\documents\lavoro\portfolio\graphicengine\engine\x64\release\material.obj
c:\users\giair\documents\lavoro\portfolio\graphicengine\engine\x64\release\mesh.obj
c:\users\giair\documents\lavoro\portfolio\graphicengine\engine\x64\release\node.obj
c:\users\giair\documents\lavoro\portfolio\graphicengine\engine\x64\release\object.obj
c:\users\giair\documents\lavoro\portfolio\graphicengine\engine\x64\release\orthogonalprojection.obj
c:\users\giair\documents\lavoro\portfolio\graphicengine\engine\x64\release\perspectiveprojection.obj
c:\users\giair\documents\lavoro\portfolio\graphicengine\engine\x64\release\pointlight.obj
c:\users\giair\documents\lavoro\portfolio\graphicengine\engine\x64\release\projection.obj
c:\users\giair\documents\lavoro\portfolio\graphicengine\engine\x64\release\spotlight.obj
c:\users\giair\documents\lavoro\portfolio\graphicengine\engine\x64\release\texture.obj
c:\users\giair\documents\lavoro\portfolio\graphicengine\engine\x64\release\uiprojection.obj
c:\users\giair\documents\lavoro\portfolio\graphicengine\engine\x64\release\vertex.obj
c:\users\giair\documents\lavoro\portfolio\graphicengine\engine\x64\release\vc142.pdb
c:\users\giair\documents\lavoro\portfolio\graphicengine\x64\release\engine.pdb
c:\users\giair\documents\lavoro\portfolio\graphicengine\x64\release\engine.dll
c:\users\giair\documents\lavoro\portfolio\graphicengine\engine\x64\release\engine.tlog\cl.command.1.tlog
c:\users\giair\documents\lavoro\portfolio\graphicengine\engine\x64\release\engine.tlog\cl.read.1.tlog
c:\users\giair\documents\lavoro\portfolio\graphicengine\engine\x64\release\engine.tlog\cl.write.1.tlog
c:\users\giair\documents\lavoro\portfolio\graphicengine\engine\x64\release\engine.tlog\engine.write.1u.tlog
c:\users\giair\documents\lavoro\portfolio\graphicengine\engine\x64\release\engine.tlog\link.command.1.tlog
c:\users\giair\documents\lavoro\portfolio\graphicengine\engine\x64\release\engine.tlog\link.delete.1.tlog
c:\users\giair\documents\lavoro\portfolio\graphicengine\engine\x64\release\engine.tlog\link.read.1.tlog
c:\users\giair\documents\lavoro\portfolio\graphicengine\engine\x64\release\engine.tlog\link.write.1.tlog
