  Camera.cpp
C:\Users\giair\Documents\Lavoro\Portfolio\GraphicEngine\Engine\Object.h(29,15): warning C4251: 'Object::name': class 'std::basic_string<char,std::char_traits<char>,std::allocator<char>>' deve avere un'interfaccia dll per essere utilizzata dai client di class 'Object'
C:\Program Files (x86)\Microsoft Visual Studio\2019\Community\VC\Tools\MSVC\14.29.30133\include\xstring(4871): message : vedere la dichiarazione di 'std::basic_string<char,std::char_traits<char>,std::allocator<char>>'
C:\Users\giair\Documents\Lavoro\Portfolio\GraphicEngine\Engine\Node.h(41,22): warning C4251: 'Node::children': class 'std::vector<Node *,std::allocator<Node *>>' deve avere un'interfaccia dll per essere utilizzata dai client di class 'Node'
C:\Users\giair\Documents\Lavoro\Portfolio\GraphicEngine\Engine\Node.h(41): message : vedere la dichiarazione di 'std::vector<Node *,std::allocator<Node *>>'
C:\Users\giair\Documents\Lavoro\Portfolio\GraphicEngine\Engine\Node.h(43,13): warning C4251: 'Node::transform': struct 'glm::mat<4,4,glm::f32,glm::packed_highp>' deve avere un'interfaccia dll per essere utilizzata dai client di class 'Node'
C:\Users\giair\Documents\Lavoro\Portfolio\GraphicEngine\dependencies\glm\include\glm\fwd.hpp(518): message : vedere la dichiarazione di 'glm::mat<4,4,glm::f32,glm::packed_highp>'
C:\Users\giair\Documents\Lavoro\Portfolio\GraphicEngine\Engine\Projection.h(27,13): warning C4251: 'Projection::projection': struct 'glm::mat<4,4,glm::f32,glm::packed_highp>' deve avere un'interfaccia dll per essere utilizzata dai client di class 'Projection'
C:\Users\giair\Documents\Lavoro\Portfolio\GraphicEngine\dependencies\glm\include\glm\fwd.hpp(518): message : vedere la dichiarazione di 'glm::mat<4,4,glm::f32,glm::packed_highp>'
  DirectionalLight.cpp
C:\Users\giair\Documents\Lavoro\Portfolio\GraphicEngine\Engine\Object.h(29,15): warning C4251: 'Object::name': class 'std::basic_string<char,std::char_traits<char>,std::allocator<char>>' deve avere un'interfaccia dll per essere utilizzata dai client di class 'Object'
C:\Program Files (x86)\Microsoft Visual Studio\2019\Community\VC\Tools\MSVC\14.29.30133\include\xstring(4871): message : vedere la dichiarazione di 'std::basic_string<char,std::char_traits<char>,std::allocator<char>>'
C:\Users\giair\Documents\Lavoro\Portfolio\GraphicEngine\Engine\Node.h(41,22): warning C4251: 'Node::children': class 'std::vector<Node *,std::allocator<Node *>>' deve avere un'interfaccia dll per essere utilizzata dai client di class 'Node'
C:\Users\giair\Documents\Lavoro\Portfolio\GraphicEngine\Engine\Node.h(41): message : vedere la dichiarazione di 'std::vector<Node *,std::allocator<Node *>>'
C:\Users\giair\Documents\Lavoro\Portfolio\GraphicEngine\Engine\Node.h(43,13): warning C4251: 'Node::transform': struct 'glm::mat<4,4,glm::f32,glm::packed_highp>' deve avere un'interfaccia dll per essere utilizzata dai client di class 'Node'
C:\Users\giair\Documents\Lavoro\Portfolio\GraphicEngine\dependencies\glm\include\glm\fwd.hpp(518): message : vedere la dichiarazione di 'glm::mat<4,4,glm::f32,glm::packed_highp>'
C:\Users\giair\Documents\Lavoro\Portfolio\GraphicEngine\Engine\Light.h(32,12): warning C4251: 'Light::ambient': struct 'glm::vec<4,float,glm::packed_highp>' deve avere un'interfaccia dll per essere utilizzata dai client di class 'Light'
C:\Users\giair\Documents\Lavoro\Portfolio\GraphicEngine\dependencies\glm\include\glm\fwd.hpp(419): message : vedere la dichiarazione di 'glm::vec<4,float,glm::packed_highp>'
C:\Users\giair\Documents\Lavoro\Portfolio\GraphicEngine\Engine\Light.h(33,12): warning C4251: 'Light::diffuse': struct 'glm::vec<4,float,glm::packed_highp>' deve avere un'interfaccia dll per essere utilizzata dai client di class 'Light'
C:\Users\giair\Documents\Lavoro\Portfolio\GraphicEngine\dependencies\glm\include\glm\fwd.hpp(419): message : vedere la dichiarazione di 'glm::vec<4,float,glm::packed_highp>'
C:\Users\giair\Documents\Lavoro\Portfolio\GraphicEngine\Engine\Light.h(34,12): warning C4251: 'Light::specular': struct 'glm::vec<4,float,glm::packed_highp>' deve avere un'interfaccia dll per essere utilizzata dai client di class 'Light'
C:\Users\giair\Documents\Lavoro\Portfolio\GraphicEngine\dependencies\glm\include\glm\fwd.hpp(419): message : vedere la dichiarazione di 'glm::vec<4,float,glm::packed_highp>'
C:\Users\giair\Documents\Lavoro\Portfolio\GraphicEngine\Engine\Light.h(35,12): warning C4251: 'Light::position': struct 'glm::vec<4,float,glm::packed_highp>' deve avere un'interfaccia dll per essere utilizzata dai client di class 'Light'
C:\Users\giair\Documents\Lavoro\Portfolio\GraphicEngine\dependencies\glm\include\glm\fwd.hpp(419): message : vedere la dichiarazione di 'glm::vec<4,float,glm::packed_highp>'
  Engine.cpp
C:\Users\giair\Documents\Lavoro\Portfolio\GraphicEngine\Engine\FrameRate.h(21,20): warning C4244: 'inizializzazione': conversione da 'float' a 'time_t'. Possibile perdita di dati.
C:\Users\giair\Documents\Lavoro\Portfolio\GraphicEngine\Engine\FrameRate.h(22,23): warning C4244: 'inizializzazione': conversione da 'float' a 'time_t'. Possibile perdita di dati.
C:\Users\giair\Documents\Lavoro\Portfolio\GraphicEngine\Engine\Object.h(29,15): warning C4251: 'Object::name': class 'std::basic_string<char,std::char_traits<char>,std::allocator<char>>' deve avere un'interfaccia dll per essere utilizzata dai client di class 'Object'
C:\Program Files (x86)\Microsoft Visual Studio\2019\Community\VC\Tools\MSVC\14.29.30133\include\xstring(4871): message : vedere la dichiarazione di 'std::basic_string<char,std::char_traits<char>,std::allocator<char>>'
C:\Users\giair\Documents\Lavoro\Portfolio\GraphicEngine\Engine\Node.h(41,22): warning C4251: 'Node::children': class 'std::vector<Node *,std::allocator<Node *>>' deve avere un'interfaccia dll per essere utilizzata dai client di class 'Node'
C:\Users\giair\Documents\Lavoro\Portfolio\GraphicEngine\Engine\Node.h(41): message : vedere la dichiarazione di 'std::vector<Node *,std::allocator<Node *>>'
C:\Users\giair\Documents\Lavoro\Portfolio\GraphicEngine\Engine\Node.h(43,13): warning C4251: 'Node::transform': struct 'glm::mat<4,4,glm::f32,glm::packed_highp>' deve avere un'interfaccia dll per essere utilizzata dai client di class 'Node'
C:\Users\giair\Documents\Lavoro\Portfolio\GraphicEngine\dependencies\glm\include\glm\fwd.hpp(518): message : vedere la dichiarazione di 'glm::mat<4,4,glm::f32,glm::packed_highp>'
C:\Users\giair\Documents\Lavoro\Portfolio\GraphicEngine\Engine\Projection.h(27,13): warning C4251: 'Projection::projection': struct 'glm::mat<4,4,glm::f32,glm::packed_highp>' deve avere un'interfaccia dll per essere utilizzata dai client di class 'Projection'
C:\Users\giair\Documents\Lavoro\Portfolio\GraphicEngine\dependencies\glm\include\glm\fwd.hpp(518): message : vedere la dichiarazione di 'glm::mat<4,4,glm::f32,glm::packed_highp>'
C:\Users\giair\Documents\Lavoro\Portfolio\GraphicEngine\Engine\UIProjection.h(22,27): warning C4251: 'UIProjection::labels': class 'std::vector<std::string,std::allocator<std::string>>' deve avere un'interfaccia dll per essere utilizzata dai client di class 'UIProjection'
C:\Users\giair\Documents\Lavoro\Portfolio\GraphicEngine\Engine\UIProjection.h(22): message : vedere la dichiarazione di 'std::vector<std::string,std::allocator<std::string>>'
C:\Users\giair\Documents\Lavoro\Portfolio\GraphicEngine\Engine\UIProjection.h(23,12): warning C4251: 'UIProjection::color': struct 'glm::vec<3,float,glm::packed_highp>' deve avere un'interfaccia dll per essere utilizzata dai client di class 'UIProjection'
C:\Users\giair\Documents\Lavoro\Portfolio\GraphicEngine\dependencies\glm\include\glm\fwd.hpp(418): message : vedere la dichiarazione di 'glm::vec<3,float,glm::packed_highp>'
C:\Users\giair\Documents\Lavoro\Portfolio\GraphicEngine\Engine\Light.h(32,12): warning C4251: 'Light::ambient': struct 'glm::vec<4,float,glm::packed_highp>' deve avere un'interfaccia dll per essere utilizzata dai client di class 'Light'
C:\Users\giair\Documents\Lavoro\Portfolio\GraphicEngine\dependencies\glm\include\glm\fwd.hpp(419): message : vedere la dichiarazione di 'glm::vec<4,float,glm::packed_highp>'
C:\Users\giair\Documents\Lavoro\Portfolio\GraphicEngine\Engine\Light.h(33,12): warning C4251: 'Light::diffuse': struct 'glm::vec<4,float,glm::packed_highp>' deve avere un'interfaccia dll per essere utilizzata dai client di class 'Light'
C:\Users\giair\Documents\Lavoro\Portfolio\GraphicEngine\dependencies\glm\include\glm\fwd.hpp(419): message : vedere la dichiarazione di 'glm::vec<4,float,glm::packed_highp>'
C:\Users\giair\Documents\Lavoro\Portfolio\GraphicEngine\Engine\Light.h(34,12): warning C4251: 'Light::specular': struct 'glm::vec<4,float,glm::packed_highp>' deve avere un'interfaccia dll per essere utilizzata dai client di class 'Light'
C:\Users\giair\Documents\Lavoro\Portfolio\GraphicEngine\dependencies\glm\include\glm\fwd.hpp(419): message : vedere la dichiarazione di 'glm::vec<4,float,glm::packed_highp>'
C:\Users\giair\Documents\Lavoro\Portfolio\GraphicEngine\Engine\Light.h(35,12): warning C4251: 'Light::position': struct 'glm::vec<4,float,glm::packed_highp>' deve avere un'interfaccia dll per essere utilizzata dai client di class 'Light'
C:\Users\giair\Documents\Lavoro\Portfolio\GraphicEngine\dependencies\glm\include\glm\fwd.hpp(419): message : vedere la dichiarazione di 'glm::vec<4,float,glm::packed_highp>'
C:\Users\giair\Documents\Lavoro\Portfolio\GraphicEngine\Engine\SpotLight.h(17,12): warning C4251: 'SpotLight::direction': struct 'glm::vec<3,float,glm::packed_highp>' deve avere un'interfaccia dll per essere utilizzata dai client di class 'SpotLight'
C:\Users\giair\Documents\Lavoro\Portfolio\GraphicEngine\dependencies\glm\include\glm\fwd.hpp(418): message : vedere la dichiarazione di 'glm::vec<3,float,glm::packed_highp>'
C:\Users\giair\Documents\Lavoro\Portfolio\GraphicEngine\Engine\Texture.h(23,21): warning C4251: 'Texture::path': class 'std::basic_string<char,std::char_traits<char>,std::allocator<char>>' deve avere un'interfaccia dll per essere utilizzata dai client di class 'Texture'
C:\Program Files (x86)\Microsoft Visual Studio\2019\Community\VC\Tools\MSVC\14.29.30133\include\xstring(4871): message : vedere la dichiarazione di 'std::basic_string<char,std::char_traits<char>,std::allocator<char>>'
C:\Users\giair\Documents\Lavoro\Portfolio\GraphicEngine\Engine\Material.h(25,12): warning C4251: 'Material::emission': struct 'glm::vec<4,float,glm::packed_highp>' deve avere un'interfaccia dll per essere utilizzata dai client di class 'Material'
C:\Users\giair\Documents\Lavoro\Portfolio\GraphicEngine\dependencies\glm\include\glm\fwd.hpp(419): message : vedere la dichiarazione di 'glm::vec<4,float,glm::packed_highp>'
C:\Users\giair\Documents\Lavoro\Portfolio\GraphicEngine\Engine\Material.h(26,12): warning C4251: 'Material::ambient': struct 'glm::vec<4,float,glm::packed_highp>' deve avere un'interfaccia dll per essere utilizzata dai client di class 'Material'
C:\Users\giair\Documents\Lavoro\Portfolio\GraphicEngine\dependencies\glm\include\glm\fwd.hpp(419): message : vedere la dichiarazione di 'glm::vec<4,float,glm::packed_highp>'
C:\Users\giair\Documents\Lavoro\Portfolio\GraphicEngine\Engine\Material.h(27,12): warning C4251: 'Material::diffuse': struct 'glm::vec<4,float,glm::packed_highp>' deve avere un'interfaccia dll per essere utilizzata dai client di class 'Material'
C:\Users\giair\Documents\Lavoro\Portfolio\GraphicEngine\dependencies\glm\include\glm\fwd.hpp(419): message : vedere la dichiarazione di 'glm::vec<4,float,glm::packed_highp>'
C:\Users\giair\Documents\Lavoro\Portfolio\GraphicEngine\Engine\Material.h(28,12): warning C4251: 'Material::specular': struct 'glm::vec<4,float,glm::packed_highp>' deve avere un'interfaccia dll per essere utilizzata dai client di class 'Material'
C:\Users\giair\Documents\Lavoro\Portfolio\GraphicEngine\dependencies\glm\include\glm\fwd.hpp(419): message : vedere la dichiarazione di 'glm::vec<4,float,glm::packed_highp>'
C:\Users\giair\Documents\Lavoro\Portfolio\GraphicEngine\Engine\Vertex.h(20,12): warning C4251: 'Vertex::position': struct 'glm::vec<3,float,glm::packed_highp>' deve avere un'interfaccia dll per essere utilizzata dai client di class 'Vertex'
C:\Users\giair\Documents\Lavoro\Portfolio\GraphicEngine\dependencies\glm\include\glm\fwd.hpp(418): message : vedere la dichiarazione di 'glm::vec<3,float,glm::packed_highp>'
C:\Users\giair\Documents\Lavoro\Portfolio\GraphicEngine\Engine\Vertex.h(21,12): warning C4251: 'Vertex::normal': struct 'glm::vec<3,float,glm::packed_highp>' deve avere un'interfaccia dll per essere utilizzata dai client di class 'Vertex'
C:\Users\giair\Documents\Lavoro\Portfolio\GraphicEngine\dependencies\glm\include\glm\fwd.hpp(418): message : vedere la dichiarazione di 'glm::vec<3,float,glm::packed_highp>'
C:\Users\giair\Documents\Lavoro\Portfolio\GraphicEngine\Engine\Vertex.h(22,12): warning C4251: 'Vertex::textureCoordinates': struct 'glm::vec<2,float,glm::packed_highp>' deve avere un'interfaccia dll per essere utilizzata dai client di class 'Vertex'
C:\Users\giair\Documents\Lavoro\Portfolio\GraphicEngine\dependencies\glm\include\glm\fwd.hpp(417): message : vedere la dichiarazione di 'glm::vec<2,float,glm::packed_highp>'
C:\Users\giair\Documents\Lavoro\Portfolio\GraphicEngine\Engine\Mesh.h(23,36): warning C4251: 'Mesh::vertices': class 'std::vector<std::vector<Vertex *,std::allocator<Vertex *>>,std::allocator<std::vector<Vertex *,std::allocator<Vertex *>>>>' deve avere un'interfaccia dll per essere utilizzata dai client di class 'Mesh'
C:\Users\giair\Documents\Lavoro\Portfolio\GraphicEngine\Engine\Mesh.h(23): message : vedere la dichiarazione di 'std::vector<std::vector<Vertex *,std::allocator<Vertex *>>,std::allocator<std::vector<Vertex *,std::allocator<Vertex *>>>>'
C:\Users\giair\Documents\Lavoro\Portfolio\GraphicEngine\Engine\Mesh.h(24,28): warning C4251: 'Mesh::material': class 'std::shared_ptr<Material>' deve avere un'interfaccia dll per essere utilizzata dai client di class 'Mesh'
C:\Users\giair\Documents\Lavoro\Portfolio\GraphicEngine\Engine\Mesh.h(11): message : vedere la dichiarazione di 'std::shared_ptr<Material>'
C:\Users\giair\Documents\Lavoro\Portfolio\GraphicEngine\Engine\FakeShadow.h(28,12): warning C4251: 'FakeShadow::offset': struct 'glm::mat<4,4,glm::f32,glm::packed_highp>' deve avere un'interfaccia dll per essere utilizzata dai client di class 'FakeShadow'
C:\Users\giair\Documents\Lavoro\Portfolio\GraphicEngine\dependencies\glm\include\glm\fwd.hpp(518): message : vedere la dichiarazione di 'glm::mat<4,4,glm::f32,glm::packed_highp>'
C:\Users\giair\Documents\Lavoro\Portfolio\GraphicEngine\Engine\FakeShadow.h(29,12): warning C4251: 'FakeShadow::scaling': struct 'glm::mat<4,4,glm::f32,glm::packed_highp>' deve avere un'interfaccia dll per essere utilizzata dai client di class 'FakeShadow'
C:\Users\giair\Documents\Lavoro\Portfolio\GraphicEngine\dependencies\glm\include\glm\fwd.hpp(518): message : vedere la dichiarazione di 'glm::mat<4,4,glm::f32,glm::packed_highp>'
C:\Users\giair\Documents\Lavoro\Portfolio\GraphicEngine\Engine\FileReader.h(24,35): warning C4251: 'FileReader::materials': class 'std::map<std::string,Material *,std::less<std::string>,std::allocator<std::pair<const std::string,Material *>>>' deve avere un'interfaccia dll per essere utilizzata dai client di class 'FileReader'
C:\Users\giair\Documents\Lavoro\Portfolio\GraphicEngine\Engine\FileReader.h(24): message : vedere la dichiarazione di 'std::map<std::string,Material *,std::less<std::string>,std::allocator<std::pair<const std::string,Material *>>>'
C:\Users\giair\Documents\Lavoro\Portfolio\GraphicEngine\Engine\FileReader.h(25,23): warning C4251: 'FileReader::tempVertices': class 'std::vector<Vertex *,std::allocator<Vertex *>>' deve avere un'interfaccia dll per essere utilizzata dai client di class 'FileReader'
C:\Users\giair\Documents\Lavoro\Portfolio\GraphicEngine\Engine\Mesh.h(19): message : vedere la dichiarazione di 'std::vector<Vertex *,std::allocator<Vertex *>>'
C:\Users\giair\Documents\Lavoro\Portfolio\GraphicEngine\Engine\List.h(18,20): warning C4251: 'List::objectsList': class 'std::list<Node *,std::allocator<Node *>>' deve avere un'interfaccia dll per essere utilizzata dai client di class 'List'
C:\Users\giair\Documents\Lavoro\Portfolio\GraphicEngine\Engine\List.h(18): message : vedere la dichiarazione di 'std::list<Node *,std::allocator<Node *>>'
  FakeShadow.cpp
C:\Users\giair\Documents\Lavoro\Portfolio\GraphicEngine\Engine\Object.h(29,15): warning C4251: 'Object::name': class 'std::basic_string<char,std::char_traits<char>,std::allocator<char>>' deve avere un'interfaccia dll per essere utilizzata dai client di class 'Object'
C:\Program Files (x86)\Microsoft Visual Studio\2019\Community\VC\Tools\MSVC\14.29.30133\include\xstring(4871): message : vedere la dichiarazione di 'std::basic_string<char,std::char_traits<char>,std::allocator<char>>'
C:\Users\giair\Documents\Lavoro\Portfolio\GraphicEngine\Engine\Node.h(41,22): warning C4251: 'Node::children': class 'std::vector<Node *,std::allocator<Node *>>' deve avere un'interfaccia dll per essere utilizzata dai client di class 'Node'
C:\Users\giair\Documents\Lavoro\Portfolio\GraphicEngine\Engine\Node.h(41): message : vedere la dichiarazione di 'std::vector<Node *,std::allocator<Node *>>'
C:\Users\giair\Documents\Lavoro\Portfolio\GraphicEngine\Engine\Node.h(43,13): warning C4251: 'Node::transform': struct 'glm::mat<4,4,glm::f32,glm::packed_highp>' deve avere un'interfaccia dll per essere utilizzata dai client di class 'Node'
C:\Users\giair\Documents\Lavoro\Portfolio\GraphicEngine\dependencies\glm\include\glm\fwd.hpp(518): message : vedere la dichiarazione di 'glm::mat<4,4,glm::f32,glm::packed_highp>'
C:\Users\giair\Documents\Lavoro\Portfolio\GraphicEngine\Engine\Vertex.h(20,12): warning C4251: 'Vertex::position': struct 'glm::vec<3,float,glm::packed_highp>' deve avere un'interfaccia dll per essere utilizzata dai client di class 'Vertex'
C:\Users\giair\Documents\Lavoro\Portfolio\GraphicEngine\dependencies\glm\include\glm\fwd.hpp(418): message : vedere la dichiarazione di 'glm::vec<3,float,glm::packed_highp>'
C:\Users\giair\Documents\Lavoro\Portfolio\GraphicEngine\Engine\Vertex.h(21,12): warning C4251: 'Vertex::normal': struct 'glm::vec<3,float,glm::packed_highp>' deve avere un'interfaccia dll per essere utilizzata dai client di class 'Vertex'
C:\Users\giair\Documents\Lavoro\Portfolio\GraphicEngine\dependencies\glm\include\glm\fwd.hpp(418): message : vedere la dichiarazione di 'glm::vec<3,float,glm::packed_highp>'
C:\Users\giair\Documents\Lavoro\Portfolio\GraphicEngine\Engine\Vertex.h(22,12): warning C4251: 'Vertex::textureCoordinates': struct 'glm::vec<2,float,glm::packed_highp>' deve avere un'interfaccia dll per essere utilizzata dai client di class 'Vertex'
C:\Users\giair\Documents\Lavoro\Portfolio\GraphicEngine\dependencies\glm\include\glm\fwd.hpp(417): message : vedere la dichiarazione di 'glm::vec<2,float,glm::packed_highp>'
C:\Users\giair\Documents\Lavoro\Portfolio\GraphicEngine\Engine\Texture.h(23,21): warning C4251: 'Texture::path': class 'std::basic_string<char,std::char_traits<char>,std::allocator<char>>' deve avere un'interfaccia dll per essere utilizzata dai client di class 'Texture'
C:\Program Files (x86)\Microsoft Visual Studio\2019\Community\VC\Tools\MSVC\14.29.30133\include\xstring(4871): message : vedere la dichiarazione di 'std::basic_string<char,std::char_traits<char>,std::allocator<char>>'
C:\Users\giair\Documents\Lavoro\Portfolio\GraphicEngine\Engine\Material.h(25,12): warning C4251: 'Material::emission': struct 'glm::vec<4,float,glm::packed_highp>' deve avere un'interfaccia dll per essere utilizzata dai client di class 'Material'
C:\Users\giair\Documents\Lavoro\Portfolio\GraphicEngine\dependencies\glm\include\glm\fwd.hpp(419): message : vedere la dichiarazione di 'glm::vec<4,float,glm::packed_highp>'
C:\Users\giair\Documents\Lavoro\Portfolio\GraphicEngine\Engine\Material.h(26,12): warning C4251: 'Material::ambient': struct 'glm::vec<4,float,glm::packed_highp>' deve avere un'interfaccia dll per essere utilizzata dai client di class 'Material'
C:\Users\giair\Documents\Lavoro\Portfolio\GraphicEngine\dependencies\glm\include\glm\fwd.hpp(419): message : vedere la dichiarazione di 'glm::vec<4,float,glm::packed_highp>'
C:\Users\giair\Documents\Lavoro\Portfolio\GraphicEngine\Engine\Material.h(27,12): warning C4251: 'Material::diffuse': struct 'glm::vec<4,float,glm::packed_highp>' deve avere un'interfaccia dll per essere utilizzata dai client di class 'Material'
C:\Users\giair\Documents\Lavoro\Portfolio\GraphicEngine\dependencies\glm\include\glm\fwd.hpp(419): message : vedere la dichiarazione di 'glm::vec<4,float,glm::packed_highp>'
C:\Users\giair\Documents\Lavoro\Portfolio\GraphicEngine\Engine\Material.h(28,12): warning C4251: 'Material::specular': struct 'glm::vec<4,float,glm::packed_highp>' deve avere un'interfaccia dll per essere utilizzata dai client di class 'Material'
C:\Users\giair\Documents\Lavoro\Portfolio\GraphicEngine\dependencies\glm\include\glm\fwd.hpp(419): message : vedere la dichiarazione di 'glm::vec<4,float,glm::packed_highp>'
C:\Users\giair\Documents\Lavoro\Portfolio\GraphicEngine\Engine\Mesh.h(23,36): warning C4251: 'Mesh::vertices': class 'std::vector<std::vector<Vertex *,std::allocator<Vertex *>>,std::allocator<std::vector<Vertex *,std::allocator<Vertex *>>>>' deve avere un'interfaccia dll per essere utilizzata dai client di class 'Mesh'
C:\Users\giair\Documents\Lavoro\Portfolio\GraphicEngine\Engine\Mesh.h(23): message : vedere la dichiarazione di 'std::vector<std::vector<Vertex *,std::allocator<Vertex *>>,std::allocator<std::vector<Vertex *,std::allocator<Vertex *>>>>'
C:\Users\giair\Documents\Lavoro\Portfolio\GraphicEngine\Engine\Mesh.h(24,28): warning C4251: 'Mesh::material': class 'std::shared_ptr<Material>' deve avere un'interfaccia dll per essere utilizzata dai client di class 'Mesh'
C:\Users\giair\Documents\Lavoro\Portfolio\GraphicEngine\Engine\Mesh.h(11): message : vedere la dichiarazione di 'std::shared_ptr<Material>'
C:\Users\giair\Documents\Lavoro\Portfolio\GraphicEngine\Engine\FakeShadow.h(28,12): warning C4251: 'FakeShadow::offset': struct 'glm::mat<4,4,glm::f32,glm::packed_highp>' deve avere un'interfaccia dll per essere utilizzata dai client di class 'FakeShadow'
C:\Users\giair\Documents\Lavoro\Portfolio\GraphicEngine\dependencies\glm\include\glm\fwd.hpp(518): message : vedere la dichiarazione di 'glm::mat<4,4,glm::f32,glm::packed_highp>'
C:\Users\giair\Documents\Lavoro\Portfolio\GraphicEngine\Engine\FakeShadow.h(29,12): warning C4251: 'FakeShadow::scaling': struct 'glm::mat<4,4,glm::f32,glm::packed_highp>' deve avere un'interfaccia dll per essere utilizzata dai client di class 'FakeShadow'
C:\Users\giair\Documents\Lavoro\Portfolio\GraphicEngine\dependencies\glm\include\glm\fwd.hpp(518): message : vedere la dichiarazione di 'glm::mat<4,4,glm::f32,glm::packed_highp>'
  FrameRate.cpp
C:\Users\giair\Documents\Lavoro\Portfolio\GraphicEngine\Engine\FrameRate.h(21,20): warning C4244: 'inizializzazione': conversione da 'float' a 'time_t'. Possibile perdita di dati.
C:\Users\giair\Documents\Lavoro\Portfolio\GraphicEngine\Engine\FrameRate.h(22,23): warning C4244: 'inizializzazione': conversione da 'float' a 'time_t'. Possibile perdita di dati.
  Light.cpp
C:\Users\giair\Documents\Lavoro\Portfolio\GraphicEngine\Engine\Object.h(29,15): warning C4251: 'Object::name': class 'std::basic_string<char,std::char_traits<char>,std::allocator<char>>' deve avere un'interfaccia dll per essere utilizzata dai client di class 'Object'
C:\Program Files (x86)\Microsoft Visual Studio\2019\Community\VC\Tools\MSVC\14.29.30133\include\xstring(4871): message : vedere la dichiarazione di 'std::basic_string<char,std::char_traits<char>,std::allocator<char>>'
C:\Users\giair\Documents\Lavoro\Portfolio\GraphicEngine\Engine\Node.h(41,22): warning C4251: 'Node::children': class 'std::vector<Node *,std::allocator<Node *>>' deve avere un'interfaccia dll per essere utilizzata dai client di class 'Node'
C:\Users\giair\Documents\Lavoro\Portfolio\GraphicEngine\Engine\Node.h(41): message : vedere la dichiarazione di 'std::vector<Node *,std::allocator<Node *>>'
C:\Users\giair\Documents\Lavoro\Portfolio\GraphicEngine\Engine\Node.h(43,13): warning C4251: 'Node::transform': struct 'glm::mat<4,4,glm::f32,glm::packed_highp>' deve avere un'interfaccia dll per essere utilizzata dai client di class 'Node'
C:\Users\giair\Documents\Lavoro\Portfolio\GraphicEngine\dependencies\glm\include\glm\fwd.hpp(518): message : vedere la dichiarazione di 'glm::mat<4,4,glm::f32,glm::packed_highp>'
C:\Users\giair\Documents\Lavoro\Portfolio\GraphicEngine\Engine\Light.h(32,12): warning C4251: 'Light::ambient': struct 'glm::vec<4,float,glm::packed_highp>' deve avere un'interfaccia dll per essere utilizzata dai client di class 'Light'
C:\Users\giair\Documents\Lavoro\Portfolio\GraphicEngine\dependencies\glm\include\glm\fwd.hpp(419): message : vedere la dichiarazione di 'glm::vec<4,float,glm::packed_highp>'
C:\Users\giair\Documents\Lavoro\Portfolio\GraphicEngine\Engine\Light.h(33,12): warning C4251: 'Light::diffuse': struct 'glm::vec<4,float,glm::packed_highp>' deve avere un'interfaccia dll per essere utilizzata dai client di class 'Light'
C:\Users\giair\Documents\Lavoro\Portfolio\GraphicEngine\dependencies\glm\include\glm\fwd.hpp(419): message : vedere la dichiarazione di 'glm::vec<4,float,glm::packed_highp>'
C:\Users\giair\Documents\Lavoro\Portfolio\GraphicEngine\Engine\Light.h(34,12): warning C4251: 'Light::specular': struct 'glm::vec<4,float,glm::packed_highp>' deve avere un'interfaccia dll per essere utilizzata dai client di class 'Light'
C:\Users\giair\Documents\Lavoro\Portfolio\GraphicEngine\dependencies\glm\include\glm\fwd.hpp(419): message : vedere la dichiarazione di 'glm::vec<4,float,glm::packed_highp>'
C:\Users\giair\Documents\Lavoro\Portfolio\GraphicEngine\Engine\Light.h(35,12): warning C4251: 'Light::position': struct 'glm::vec<4,float,glm::packed_highp>' deve avere un'interfaccia dll per essere utilizzata dai client di class 'Light'
C:\Users\giair\Documents\Lavoro\Portfolio\GraphicEngine\dependencies\glm\include\glm\fwd.hpp(419): message : vedere la dichiarazione di 'glm::vec<4,float,glm::packed_highp>'
  List.cpp
C:\Users\giair\Documents\Lavoro\Portfolio\GraphicEngine\Engine\Object.h(29,15): warning C4251: 'Object::name': class 'std::basic_string<char,std::char_traits<char>,std::allocator<char>>' deve avere un'interfaccia dll per essere utilizzata dai client di class 'Object'
C:\Program Files (x86)\Microsoft Visual Studio\2019\Community\VC\Tools\MSVC\14.29.30133\include\xstring(4871): message : vedere la dichiarazione di 'std::basic_string<char,std::char_traits<char>,std::allocator<char>>'
C:\Users\giair\Documents\Lavoro\Portfolio\GraphicEngine\Engine\Node.h(41,22): warning C4251: 'Node::children': class 'std::vector<Node *,std::allocator<Node *>>' deve avere un'interfaccia dll per essere utilizzata dai client di class 'Node'
C:\Users\giair\Documents\Lavoro\Portfolio\GraphicEngine\Engine\Node.h(41): message : vedere la dichiarazione di 'std::vector<Node *,std::allocator<Node *>>'
C:\Users\giair\Documents\Lavoro\Portfolio\GraphicEngine\Engine\Node.h(43,13): warning C4251: 'Node::transform': struct 'glm::mat<4,4,glm::f32,glm::packed_highp>' deve avere un'interfaccia dll per essere utilizzata dai client di class 'Node'
C:\Users\giair\Documents\Lavoro\Portfolio\GraphicEngine\dependencies\glm\include\glm\fwd.hpp(518): message : vedere la dichiarazione di 'glm::mat<4,4,glm::f32,glm::packed_highp>'
C:\Users\giair\Documents\Lavoro\Portfolio\GraphicEngine\Engine\List.h(18,20): warning C4251: 'List::objectsList': class 'std::list<Node *,std::allocator<Node *>>' deve avere un'interfaccia dll per essere utilizzata dai client di class 'List'
C:\Users\giair\Documents\Lavoro\Portfolio\GraphicEngine\Engine\List.h(18): message : vedere la dichiarazione di 'std::list<Node *,std::allocator<Node *>>'
C:\Users\giair\Documents\Lavoro\Portfolio\GraphicEngine\Engine\Light.h(32,12): warning C4251: 'Light::ambient': struct 'glm::vec<4,float,glm::packed_highp>' deve avere un'interfaccia dll per essere utilizzata dai client di class 'Light'
C:\Users\giair\Documents\Lavoro\Portfolio\GraphicEngine\dependencies\glm\include\glm\fwd.hpp(419): message : vedere la dichiarazione di 'glm::vec<4,float,glm::packed_highp>'
C:\Users\giair\Documents\Lavoro\Portfolio\GraphicEngine\Engine\Light.h(33,12): warning C4251: 'Light::diffuse': struct 'glm::vec<4,float,glm::packed_highp>' deve avere un'interfaccia dll per essere utilizzata dai client di class 'Light'
C:\Users\giair\Documents\Lavoro\Portfolio\GraphicEngine\dependencies\glm\include\glm\fwd.hpp(419): message : vedere la dichiarazione di 'glm::vec<4,float,glm::packed_highp>'
C:\Users\giair\Documents\Lavoro\Portfolio\GraphicEngine\Engine\Light.h(34,12): warning C4251: 'Light::specular': struct 'glm::vec<4,float,glm::packed_highp>' deve avere un'interfaccia dll per essere utilizzata dai client di class 'Light'
C:\Users\giair\Documents\Lavoro\Portfolio\GraphicEngine\dependencies\glm\include\glm\fwd.hpp(419): message : vedere la dichiarazione di 'glm::vec<4,float,glm::packed_highp>'
C:\Users\giair\Documents\Lavoro\Portfolio\GraphicEngine\Engine\Light.h(35,12): warning C4251: 'Light::position': struct 'glm::vec<4,float,glm::packed_highp>' deve avere un'interfaccia dll per essere utilizzata dai client di class 'Light'
C:\Users\giair\Documents\Lavoro\Portfolio\GraphicEngine\dependencies\glm\include\glm\fwd.hpp(419): message : vedere la dichiarazione di 'glm::vec<4,float,glm::packed_highp>'
C:\Users\giair\Documents\Lavoro\Portfolio\GraphicEngine\Engine\SpotLight.h(17,12): warning C4251: 'SpotLight::direction': struct 'glm::vec<3,float,glm::packed_highp>' deve avere un'interfaccia dll per essere utilizzata dai client di class 'SpotLight'
C:\Users\giair\Documents\Lavoro\Portfolio\GraphicEngine\dependencies\glm\include\glm\fwd.hpp(418): message : vedere la dichiarazione di 'glm::vec<3,float,glm::packed_highp>'
C:\Users\giair\Documents\Lavoro\Portfolio\GraphicEngine\Engine\List.cpp(77,30): warning C4267: 'return': conversione da 'size_t' a 'int'. Possibile perdita di dati.
  Material.cpp
C:\Users\giair\Documents\Lavoro\Portfolio\GraphicEngine\Engine\Object.h(29,15): warning C4251: 'Object::name': class 'std::basic_string<char,std::char_traits<char>,std::allocator<char>>' deve avere un'interfaccia dll per essere utilizzata dai client di class 'Object'
C:\Program Files (x86)\Microsoft Visual Studio\2019\Community\VC\Tools\MSVC\14.29.30133\include\xstring(4871): message : vedere la dichiarazione di 'std::basic_string<char,std::char_traits<char>,std::allocator<char>>'
C:\Users\giair\Documents\Lavoro\Portfolio\GraphicEngine\Engine\Texture.h(23,21): warning C4251: 'Texture::path': class 'std::basic_string<char,std::char_traits<char>,std::allocator<char>>' deve avere un'interfaccia dll per essere utilizzata dai client di class 'Texture'
C:\Program Files (x86)\Microsoft Visual Studio\2019\Community\VC\Tools\MSVC\14.29.30133\include\xstring(4871): message : vedere la dichiarazione di 'std::basic_string<char,std::char_traits<char>,std::allocator<char>>'
C:\Users\giair\Documents\Lavoro\Portfolio\GraphicEngine\Engine\Material.h(25,12): warning C4251: 'Material::emission': struct 'glm::vec<4,float,glm::packed_highp>' deve avere un'interfaccia dll per essere utilizzata dai client di class 'Material'
C:\Users\giair\Documents\Lavoro\Portfolio\GraphicEngine\dependencies\glm\include\glm\fwd.hpp(419): message : vedere la dichiarazione di 'glm::vec<4,float,glm::packed_highp>'
C:\Users\giair\Documents\Lavoro\Portfolio\GraphicEngine\Engine\Material.h(26,12): warning C4251: 'Material::ambient': struct 'glm::vec<4,float,glm::packed_highp>' deve avere un'interfaccia dll per essere utilizzata dai client di class 'Material'
C:\Users\giair\Documents\Lavoro\Portfolio\GraphicEngine\dependencies\glm\include\glm\fwd.hpp(419): message : vedere la dichiarazione di 'glm::vec<4,float,glm::packed_highp>'
C:\Users\giair\Documents\Lavoro\Portfolio\GraphicEngine\Engine\Material.h(27,12): warning C4251: 'Material::diffuse': struct 'glm::vec<4,float,glm::packed_highp>' deve avere un'interfaccia dll per essere utilizzata dai client di class 'Material'
C:\Users\giair\Documents\Lavoro\Portfolio\GraphicEngine\dependencies\glm\include\glm\fwd.hpp(419): message : vedere la dichiarazione di 'glm::vec<4,float,glm::packed_highp>'
C:\Users\giair\Documents\Lavoro\Portfolio\GraphicEngine\Engine\Material.h(28,12): warning C4251: 'Material::specular': struct 'glm::vec<4,float,glm::packed_highp>' deve avere un'interfaccia dll per essere utilizzata dai client di class 'Material'
C:\Users\giair\Documents\Lavoro\Portfolio\GraphicEngine\dependencies\glm\include\glm\fwd.hpp(419): message : vedere la dichiarazione di 'glm::vec<4,float,glm::packed_highp>'
  Mesh.cpp
C:\Users\giair\Documents\Lavoro\Portfolio\GraphicEngine\Engine\Object.h(29,15): warning C4251: 'Object::name': class 'std::basic_string<char,std::char_traits<char>,std::allocator<char>>' deve avere un'interfaccia dll per essere utilizzata dai client di class 'Object'
C:\Program Files (x86)\Microsoft Visual Studio\2019\Community\VC\Tools\MSVC\14.29.30133\include\xstring(4871): message : vedere la dichiarazione di 'std::basic_string<char,std::char_traits<char>,std::allocator<char>>'
C:\Users\giair\Documents\Lavoro\Portfolio\GraphicEngine\Engine\Node.h(41,22): warning C4251: 'Node::children': class 'std::vector<Node *,std::allocator<Node *>>' deve avere un'interfaccia dll per essere utilizzata dai client di class 'Node'
C:\Users\giair\Documents\Lavoro\Portfolio\GraphicEngine\Engine\Node.h(41): message : vedere la dichiarazione di 'std::vector<Node *,std::allocator<Node *>>'
C:\Users\giair\Documents\Lavoro\Portfolio\GraphicEngine\Engine\Node.h(43,13): warning C4251: 'Node::transform': struct 'glm::mat<4,4,glm::f32,glm::packed_highp>' deve avere un'interfaccia dll per essere utilizzata dai client di class 'Node'
C:\Users\giair\Documents\Lavoro\Portfolio\GraphicEngine\dependencies\glm\include\glm\fwd.hpp(518): message : vedere la dichiarazione di 'glm::mat<4,4,glm::f32,glm::packed_highp>'
C:\Users\giair\Documents\Lavoro\Portfolio\GraphicEngine\Engine\Vertex.h(20,12): warning C4251: 'Vertex::position': struct 'glm::vec<3,float,glm::packed_highp>' deve avere un'interfaccia dll per essere utilizzata dai client di class 'Vertex'
C:\Users\giair\Documents\Lavoro\Portfolio\GraphicEngine\dependencies\glm\include\glm\fwd.hpp(418): message : vedere la dichiarazione di 'glm::vec<3,float,glm::packed_highp>'
C:\Users\giair\Documents\Lavoro\Portfolio\GraphicEngine\Engine\Vertex.h(21,12): warning C4251: 'Vertex::normal': struct 'glm::vec<3,float,glm::packed_highp>' deve avere un'interfaccia dll per essere utilizzata dai client di class 'Vertex'
C:\Users\giair\Documents\Lavoro\Portfolio\GraphicEngine\dependencies\glm\include\glm\fwd.hpp(418): message : vedere la dichiarazione di 'glm::vec<3,float,glm::packed_highp>'
C:\Users\giair\Documents\Lavoro\Portfolio\GraphicEngine\Engine\Vertex.h(22,12): warning C4251: 'Vertex::textureCoordinates': struct 'glm::vec<2,float,glm::packed_highp>' deve avere un'interfaccia dll per essere utilizzata dai client di class 'Vertex'
C:\Users\giair\Documents\Lavoro\Portfolio\GraphicEngine\dependencies\glm\include\glm\fwd.hpp(417): message : vedere la dichiarazione di 'glm::vec<2,float,glm::packed_highp>'
C:\Users\giair\Documents\Lavoro\Portfolio\GraphicEngine\Engine\Texture.h(23,21): warning C4251: 'Texture::path': class 'std::basic_string<char,std::char_traits<char>,std::allocator<char>>' deve avere un'interfaccia dll per essere utilizzata dai client di class 'Texture'
C:\Program Files (x86)\Microsoft Visual Studio\2019\Community\VC\Tools\MSVC\14.29.30133\include\xstring(4871): message : vedere la dichiarazione di 'std::basic_string<char,std::char_traits<char>,std::allocator<char>>'
C:\Users\giair\Documents\Lavoro\Portfolio\GraphicEngine\Engine\Material.h(25,12): warning C4251: 'Material::emission': struct 'glm::vec<4,float,glm::packed_highp>' deve avere un'interfaccia dll per essere utilizzata dai client di class 'Material'
C:\Users\giair\Documents\Lavoro\Portfolio\GraphicEngine\dependencies\glm\include\glm\fwd.hpp(419): message : vedere la dichiarazione di 'glm::vec<4,float,glm::packed_highp>'
C:\Users\giair\Documents\Lavoro\Portfolio\GraphicEngine\Engine\Material.h(26,12): warning C4251: 'Material::ambient': struct 'glm::vec<4,float,glm::packed_highp>' deve avere un'interfaccia dll per essere utilizzata dai client di class 'Material'
C:\Users\giair\Documents\Lavoro\Portfolio\GraphicEngine\dependencies\glm\include\glm\fwd.hpp(419): message : vedere la dichiarazione di 'glm::vec<4,float,glm::packed_highp>'
C:\Users\giair\Documents\Lavoro\Portfolio\GraphicEngine\Engine\Material.h(27,12): warning C4251: 'Material::diffuse': struct 'glm::vec<4,float,glm::packed_highp>' deve avere un'interfaccia dll per essere utilizzata dai client di class 'Material'
C:\Users\giair\Documents\Lavoro\Portfolio\GraphicEngine\dependencies\glm\include\glm\fwd.hpp(419): message : vedere la dichiarazione di 'glm::vec<4,float,glm::packed_highp>'
C:\Users\giair\Documents\Lavoro\Portfolio\GraphicEngine\Engine\Material.h(28,12): warning C4251: 'Material::specular': struct 'glm::vec<4,float,glm::packed_highp>' deve avere un'interfaccia dll per essere utilizzata dai client di class 'Material'
C:\Users\giair\Documents\Lavoro\Portfolio\GraphicEngine\dependencies\glm\include\glm\fwd.hpp(419): message : vedere la dichiarazione di 'glm::vec<4,float,glm::packed_highp>'
C:\Users\giair\Documents\Lavoro\Portfolio\GraphicEngine\Engine\Mesh.h(23,36): warning C4251: 'Mesh::vertices': class 'std::vector<std::vector<Vertex *,std::allocator<Vertex *>>,std::allocator<std::vector<Vertex *,std::allocator<Vertex *>>>>' deve avere un'interfaccia dll per essere utilizzata dai client di class 'Mesh'
C:\Users\giair\Documents\Lavoro\Portfolio\GraphicEngine\Engine\Mesh.h(23): message : vedere la dichiarazione di 'std::vector<std::vector<Vertex *,std::allocator<Vertex *>>,std::allocator<std::vector<Vertex *,std::allocator<Vertex *>>>>'
C:\Users\giair\Documents\Lavoro\Portfolio\GraphicEngine\Engine\Mesh.h(24,28): warning C4251: 'Mesh::material': class 'std::shared_ptr<Material>' deve avere un'interfaccia dll per essere utilizzata dai client di class 'Mesh'
C:\Users\giair\Documents\Lavoro\Portfolio\GraphicEngine\Engine\Mesh.h(11): message : vedere la dichiarazione di 'std::shared_ptr<Material>'
  Node.cpp
C:\Users\giair\Documents\Lavoro\Portfolio\GraphicEngine\Engine\Object.h(29,15): warning C4251: 'Object::name': class 'std::basic_string<char,std::char_traits<char>,std::allocator<char>>' deve avere un'interfaccia dll per essere utilizzata dai client di class 'Object'
C:\Program Files (x86)\Microsoft Visual Studio\2019\Community\VC\Tools\MSVC\14.29.30133\include\xstring(4871): message : vedere la dichiarazione di 'std::basic_string<char,std::char_traits<char>,std::allocator<char>>'
C:\Users\giair\Documents\Lavoro\Portfolio\GraphicEngine\Engine\Node.h(41,22): warning C4251: 'Node::children': class 'std::vector<Node *,std::allocator<Node *>>' deve avere un'interfaccia dll per essere utilizzata dai client di class 'Node'
C:\Users\giair\Documents\Lavoro\Portfolio\GraphicEngine\Engine\Node.h(41): message : vedere la dichiarazione di 'std::vector<Node *,std::allocator<Node *>>'
C:\Users\giair\Documents\Lavoro\Portfolio\GraphicEngine\Engine\Node.h(43,13): warning C4251: 'Node::transform': struct 'glm::mat<4,4,glm::f32,glm::packed_highp>' deve avere un'interfaccia dll per essere utilizzata dai client di class 'Node'
C:\Users\giair\Documents\Lavoro\Portfolio\GraphicEngine\dependencies\glm\include\glm\fwd.hpp(518): message : vedere la dichiarazione di 'glm::mat<4,4,glm::f32,glm::packed_highp>'
C:\Users\giair\Documents\Lavoro\Portfolio\GraphicEngine\Engine\Light.h(32,12): warning C4251: 'Light::ambient': struct 'glm::vec<4,float,glm::packed_highp>' deve avere un'interfaccia dll per essere utilizzata dai client di class 'Light'
C:\Users\giair\Documents\Lavoro\Portfolio\GraphicEngine\dependencies\glm\include\glm\fwd.hpp(419): message : vedere la dichiarazione di 'glm::vec<4,float,glm::packed_highp>'
C:\Users\giair\Documents\Lavoro\Portfolio\GraphicEngine\Engine\Light.h(33,12): warning C4251: 'Light::diffuse': struct 'glm::vec<4,float,glm::packed_highp>' deve avere un'interfaccia dll per essere utilizzata dai client di class 'Light'
C:\Users\giair\Documents\Lavoro\Portfolio\GraphicEngine\dependencies\glm\include\glm\fwd.hpp(419): message : vedere la dichiarazione di 'glm::vec<4,float,glm::packed_highp>'
C:\Users\giair\Documents\Lavoro\Portfolio\GraphicEngine\Engine\Light.h(34,12): warning C4251: 'Light::specular': struct 'glm::vec<4,float,glm::packed_highp>' deve avere un'interfaccia dll per essere utilizzata dai client di class 'Light'
C:\Users\giair\Documents\Lavoro\Portfolio\GraphicEngine\dependencies\glm\include\glm\fwd.hpp(419): message : vedere la dichiarazione di 'glm::vec<4,float,glm::packed_highp>'
C:\Users\giair\Documents\Lavoro\Portfolio\GraphicEngine\Engine\Light.h(35,12): warning C4251: 'Light::position': struct 'glm::vec<4,float,glm::packed_highp>' deve avere un'interfaccia dll per essere utilizzata dai client di class 'Light'
C:\Users\giair\Documents\Lavoro\Portfolio\GraphicEngine\dependencies\glm\include\glm\fwd.hpp(419): message : vedere la dichiarazione di 'glm::vec<4,float,glm::packed_highp>'
C:\Users\giair\Documents\Lavoro\Portfolio\GraphicEngine\Engine\SpotLight.h(17,12): warning C4251: 'SpotLight::direction': struct 'glm::vec<3,float,glm::packed_highp>' deve avere un'interfaccia dll per essere utilizzata dai client di class 'SpotLight'
C:\Users\giair\Documents\Lavoro\Portfolio\GraphicEngine\dependencies\glm\include\glm\fwd.hpp(418): message : vedere la dichiarazione di 'glm::vec<3,float,glm::packed_highp>'
C:\Users\giair\Documents\Lavoro\Portfolio\GraphicEngine\Engine\Node.cpp(162,2): warning C4267: 'inizializzazione': conversione da 'size_t' a 'int'. Possibile perdita di dati.
  Object.cpp
C:\Users\giair\Documents\Lavoro\Portfolio\GraphicEngine\Engine\Object.h(29,15): warning C4251: 'Object::name': class 'std::basic_string<char,std::char_traits<char>,std::allocator<char>>' deve avere un'interfaccia dll per essere utilizzata dai client di class 'Object'
C:\Program Files (x86)\Microsoft Visual Studio\2019\Community\VC\Tools\MSVC\14.29.30133\include\xstring(4871): message : vedere la dichiarazione di 'std::basic_string<char,std::char_traits<char>,std::allocator<char>>'
  OrthogonalProjection.cpp
C:\Users\giair\Documents\Lavoro\Portfolio\GraphicEngine\Engine\Projection.h(27,13): warning C4251: 'Projection::projection': struct 'glm::mat<4,4,glm::f32,glm::packed_highp>' deve avere un'interfaccia dll per essere utilizzata dai client di class 'Projection'
C:\Users\giair\Documents\Lavoro\Portfolio\GraphicEngine\dependencies\glm\include\glm\fwd.hpp(518): message : vedere la dichiarazione di 'glm::mat<4,4,glm::f32,glm::packed_highp>'
  FileReader.cpp
C:\Users\giair\Documents\Lavoro\Portfolio\GraphicEngine\Engine\Object.h(29,15): warning C4251: 'Object::name': class 'std::basic_string<char,std::char_traits<char>,std::allocator<char>>' deve avere un'interfaccia dll per essere utilizzata dai client di class 'Object'
C:\Program Files (x86)\Microsoft Visual Studio\2019\Community\VC\Tools\MSVC\14.29.30133\include\xstring(4871): message : vedere la dichiarazione di 'std::basic_string<char,std::char_traits<char>,std::allocator<char>>'
C:\Users\giair\Documents\Lavoro\Portfolio\GraphicEngine\Engine\Node.h(41,22): warning C4251: 'Node::children': class 'std::vector<Node *,std::allocator<Node *>>' deve avere un'interfaccia dll per essere utilizzata dai client di class 'Node'
C:\Users\giair\Documents\Lavoro\Portfolio\GraphicEngine\Engine\Node.h(41): message : vedere la dichiarazione di 'std::vector<Node *,std::allocator<Node *>>'
C:\Users\giair\Documents\Lavoro\Portfolio\GraphicEngine\Engine\Node.h(43,13): warning C4251: 'Node::transform': struct 'glm::mat<4,4,glm::f32,glm::packed_highp>' deve avere un'interfaccia dll per essere utilizzata dai client di class 'Node'
C:\Users\giair\Documents\Lavoro\Portfolio\GraphicEngine\dependencies\glm\include\glm\fwd.hpp(518): message : vedere la dichiarazione di 'glm::mat<4,4,glm::f32,glm::packed_highp>'
C:\Users\giair\Documents\Lavoro\Portfolio\GraphicEngine\Engine\Texture.h(23,21): warning C4251: 'Texture::path': class 'std::basic_string<char,std::char_traits<char>,std::allocator<char>>' deve avere un'interfaccia dll per essere utilizzata dai client di class 'Texture'
C:\Program Files (x86)\Microsoft Visual Studio\2019\Community\VC\Tools\MSVC\14.29.30133\include\xstring(4871): message : vedere la dichiarazione di 'std::basic_string<char,std::char_traits<char>,std::allocator<char>>'
C:\Users\giair\Documents\Lavoro\Portfolio\GraphicEngine\Engine\Material.h(25,12): warning C4251: 'Material::emission': struct 'glm::vec<4,float,glm::packed_highp>' deve avere un'interfaccia dll per essere utilizzata dai client di class 'Material'
C:\Users\giair\Documents\Lavoro\Portfolio\GraphicEngine\dependencies\glm\include\glm\fwd.hpp(419): message : vedere la dichiarazione di 'glm::vec<4,float,glm::packed_highp>'
C:\Users\giair\Documents\Lavoro\Portfolio\GraphicEngine\Engine\Material.h(26,12): warning C4251: 'Material::ambient': struct 'glm::vec<4,float,glm::packed_highp>' deve avere un'interfaccia dll per essere utilizzata dai client di class 'Material'
C:\Users\giair\Documents\Lavoro\Portfolio\GraphicEngine\dependencies\glm\include\glm\fwd.hpp(419): message : vedere la dichiarazione di 'glm::vec<4,float,glm::packed_highp>'
C:\Users\giair\Documents\Lavoro\Portfolio\GraphicEngine\Engine\Material.h(27,12): warning C4251: 'Material::diffuse': struct 'glm::vec<4,float,glm::packed_highp>' deve avere un'interfaccia dll per essere utilizzata dai client di class 'Material'
C:\Users\giair\Documents\Lavoro\Portfolio\GraphicEngine\dependencies\glm\include\glm\fwd.hpp(419): message : vedere la dichiarazione di 'glm::vec<4,float,glm::packed_highp>'
C:\Users\giair\Documents\Lavoro\Portfolio\GraphicEngine\Engine\Material.h(28,12): warning C4251: 'Material::specular': struct 'glm::vec<4,float,glm::packed_highp>' deve avere un'interfaccia dll per essere utilizzata dai client di class 'Material'
C:\Users\giair\Documents\Lavoro\Portfolio\GraphicEngine\dependencies\glm\include\glm\fwd.hpp(419): message : vedere la dichiarazione di 'glm::vec<4,float,glm::packed_highp>'
C:\Users\giair\Documents\Lavoro\Portfolio\GraphicEngine\Engine\Vertex.h(20,12): warning C4251: 'Vertex::position': struct 'glm::vec<3,float,glm::packed_highp>' deve avere un'interfaccia dll per essere utilizzata dai client di class 'Vertex'
C:\Users\giair\Documents\Lavoro\Portfolio\GraphicEngine\dependencies\glm\include\glm\fwd.hpp(418): message : vedere la dichiarazione di 'glm::vec<3,float,glm::packed_highp>'
C:\Users\giair\Documents\Lavoro\Portfolio\GraphicEngine\Engine\Vertex.h(21,12): warning C4251: 'Vertex::normal': struct 'glm::vec<3,float,glm::packed_highp>' deve avere un'interfaccia dll per essere utilizzata dai client di class 'Vertex'
C:\Users\giair\Documents\Lavoro\Portfolio\GraphicEngine\dependencies\glm\include\glm\fwd.hpp(418): message : vedere la dichiarazione di 'glm::vec<3,float,glm::packed_highp>'
C:\Users\giair\Documents\Lavoro\Portfolio\GraphicEngine\Engine\Vertex.h(22,12): warning C4251: 'Vertex::textureCoordinates': struct 'glm::vec<2,float,glm::packed_highp>' deve avere un'interfaccia dll per essere utilizzata dai client di class 'Vertex'
C:\Users\giair\Documents\Lavoro\Portfolio\GraphicEngine\dependencies\glm\include\glm\fwd.hpp(417): message : vedere la dichiarazione di 'glm::vec<2,float,glm::packed_highp>'
C:\Users\giair\Documents\Lavoro\Portfolio\GraphicEngine\Engine\FileReader.h(24,35): warning C4251: 'FileReader::materials': class 'std::map<std::string,Material *,std::less<std::string>,std::allocator<std::pair<const std::string,Material *>>>' deve avere un'interfaccia dll per essere utilizzata dai client di class 'FileReader'
C:\Users\giair\Documents\Lavoro\Portfolio\GraphicEngine\Engine\FileReader.h(24): message : vedere la dichiarazione di 'std::map<std::string,Material *,std::less<std::string>,std::allocator<std::pair<const std::string,Material *>>>'
C:\Users\giair\Documents\Lavoro\Portfolio\GraphicEngine\Engine\FileReader.h(25,23): warning C4251: 'FileReader::tempVertices': class 'std::vector<Vertex *,std::allocator<Vertex *>>' deve avere un'interfaccia dll per essere utilizzata dai client di class 'FileReader'
C:\Users\giair\Documents\Lavoro\Portfolio\GraphicEngine\Engine\FileReader.h(25): message : vedere la dichiarazione di 'std::vector<Vertex *,std::allocator<Vertex *>>'
C:\Users\giair\Documents\Lavoro\Portfolio\GraphicEngine\Engine\Mesh.h(23,36): warning C4251: 'Mesh::vertices': class 'std::vector<std::vector<Vertex *,std::allocator<Vertex *>>,std::allocator<std::vector<Vertex *,std::allocator<Vertex *>>>>' deve avere un'interfaccia dll per essere utilizzata dai client di class 'Mesh'
C:\Users\giair\Documents\Lavoro\Portfolio\GraphicEngine\Engine\Mesh.h(23): message : vedere la dichiarazione di 'std::vector<std::vector<Vertex *,std::allocator<Vertex *>>,std::allocator<std::vector<Vertex *,std::allocator<Vertex *>>>>'
C:\Users\giair\Documents\Lavoro\Portfolio\GraphicEngine\Engine\Mesh.h(24,28): warning C4251: 'Mesh::material': class 'std::shared_ptr<Material>' deve avere un'interfaccia dll per essere utilizzata dai client di class 'Mesh'
C:\Users\giair\Documents\Lavoro\Portfolio\GraphicEngine\Engine\Mesh.h(11): message : vedere la dichiarazione di 'std::shared_ptr<Material>'
C:\Users\giair\Documents\Lavoro\Portfolio\GraphicEngine\Engine\Light.h(32,12): warning C4251: 'Light::ambient': struct 'glm::vec<4,float,glm::packed_highp>' deve avere un'interfaccia dll per essere utilizzata dai client di class 'Light'
C:\Users\giair\Documents\Lavoro\Portfolio\GraphicEngine\dependencies\glm\include\glm\fwd.hpp(419): message : vedere la dichiarazione di 'glm::vec<4,float,glm::packed_highp>'
C:\Users\giair\Documents\Lavoro\Portfolio\GraphicEngine\Engine\Light.h(33,12): warning C4251: 'Light::diffuse': struct 'glm::vec<4,float,glm::packed_highp>' deve avere un'interfaccia dll per essere utilizzata dai client di class 'Light'
C:\Users\giair\Documents\Lavoro\Portfolio\GraphicEngine\dependencies\glm\include\glm\fwd.hpp(419): message : vedere la dichiarazione di 'glm::vec<4,float,glm::packed_highp>'
C:\Users\giair\Documents\Lavoro\Portfolio\GraphicEngine\Engine\Light.h(34,12): warning C4251: 'Light::specular': struct 'glm::vec<4,float,glm::packed_highp>' deve avere un'interfaccia dll per essere utilizzata dai client di class 'Light'
C:\Users\giair\Documents\Lavoro\Portfolio\GraphicEngine\dependencies\glm\include\glm\fwd.hpp(419): message : vedere la dichiarazione di 'glm::vec<4,float,glm::packed_highp>'
C:\Users\giair\Documents\Lavoro\Portfolio\GraphicEngine\Engine\Light.h(35,12): warning C4251: 'Light::position': struct 'glm::vec<4,float,glm::packed_highp>' deve avere un'interfaccia dll per essere utilizzata dai client di class 'Light'
C:\Users\giair\Documents\Lavoro\Portfolio\GraphicEngine\dependencies\glm\include\glm\fwd.hpp(419): message : vedere la dichiarazione di 'glm::vec<4,float,glm::packed_highp>'
C:\Users\giair\Documents\Lavoro\Portfolio\GraphicEngine\Engine\SpotLight.h(17,12): warning C4251: 'SpotLight::direction': struct 'glm::vec<3,float,glm::packed_highp>' deve avere un'interfaccia dll per essere utilizzata dai client di class 'SpotLight'
C:\Users\giair\Documents\Lavoro\Portfolio\GraphicEngine\dependencies\glm\include\glm\fwd.hpp(418): message : vedere la dichiarazione di 'glm::vec<3,float,glm::packed_highp>'
C:\Users\giair\Documents\Lavoro\Portfolio\GraphicEngine\Engine\FakeShadow.h(28,12): warning C4251: 'FakeShadow::offset': struct 'glm::mat<4,4,glm::f32,glm::packed_highp>' deve avere un'interfaccia dll per essere utilizzata dai client di class 'FakeShadow'
C:\Users\giair\Documents\Lavoro\Portfolio\GraphicEngine\dependencies\glm\include\glm\fwd.hpp(518): message : vedere la dichiarazione di 'glm::mat<4,4,glm::f32,glm::packed_highp>'
C:\Users\giair\Documents\Lavoro\Portfolio\GraphicEngine\Engine\FakeShadow.h(29,12): warning C4251: 'FakeShadow::scaling': struct 'glm::mat<4,4,glm::f32,glm::packed_highp>' deve avere un'interfaccia dll per essere utilizzata dai client di class 'FakeShadow'
C:\Users\giair\Documents\Lavoro\Portfolio\GraphicEngine\dependencies\glm\include\glm\fwd.hpp(518): message : vedere la dichiarazione di 'glm::mat<4,4,glm::f32,glm::packed_highp>'
C:\Users\giair\Documents\Lavoro\Portfolio\GraphicEngine\Engine\FileReader.cpp(140,44): warning C4018: '<': errata corrispondenza tra signed e unsigned
C:\Users\giair\Documents\Lavoro\Portfolio\GraphicEngine\Engine\FileReader.cpp(331,44): warning C4018: '<': errata corrispondenza tra signed e unsigned
C:\Users\giair\Documents\Lavoro\Portfolio\GraphicEngine\Engine\FileReader.cpp(424,45): warning C4018: '<': errata corrispondenza tra signed e unsigned
  PerspectiveProjection.cpp
C:\Users\giair\Documents\Lavoro\Portfolio\GraphicEngine\Engine\Projection.h(27,13): warning C4251: 'Projection::projection': struct 'glm::mat<4,4,glm::f32,glm::packed_highp>' deve avere un'interfaccia dll per essere utilizzata dai client di class 'Projection'
C:\Users\giair\Documents\Lavoro\Portfolio\GraphicEngine\dependencies\glm\include\glm\fwd.hpp(518): message : vedere la dichiarazione di 'glm::mat<4,4,glm::f32,glm::packed_highp>'
  PointLight.cpp
C:\Users\giair\Documents\Lavoro\Portfolio\GraphicEngine\Engine\Object.h(29,15): warning C4251: 'Object::name': class 'std::basic_string<char,std::char_traits<char>,std::allocator<char>>' deve avere un'interfaccia dll per essere utilizzata dai client di class 'Object'
C:\Program Files (x86)\Microsoft Visual Studio\2019\Community\VC\Tools\MSVC\14.29.30133\include\xstring(4871): message : vedere la dichiarazione di 'std::basic_string<char,std::char_traits<char>,std::allocator<char>>'
C:\Users\giair\Documents\Lavoro\Portfolio\GraphicEngine\Engine\Node.h(41,22): warning C4251: 'Node::children': class 'std::vector<Node *,std::allocator<Node *>>' deve avere un'interfaccia dll per essere utilizzata dai client di class 'Node'
C:\Users\giair\Documents\Lavoro\Portfolio\GraphicEngine\Engine\Node.h(41): message : vedere la dichiarazione di 'std::vector<Node *,std::allocator<Node *>>'
C:\Users\giair\Documents\Lavoro\Portfolio\GraphicEngine\Engine\Node.h(43,13): warning C4251: 'Node::transform': struct 'glm::mat<4,4,glm::f32,glm::packed_highp>' deve avere un'interfaccia dll per essere utilizzata dai client di class 'Node'
C:\Users\giair\Documents\Lavoro\Portfolio\GraphicEngine\dependencies\glm\include\glm\fwd.hpp(518): message : vedere la dichiarazione di 'glm::mat<4,4,glm::f32,glm::packed_highp>'
C:\Users\giair\Documents\Lavoro\Portfolio\GraphicEngine\Engine\Light.h(32,12): warning C4251: 'Light::ambient': struct 'glm::vec<4,float,glm::packed_highp>' deve avere un'interfaccia dll per essere utilizzata dai client di class 'Light'
C:\Users\giair\Documents\Lavoro\Portfolio\GraphicEngine\dependencies\glm\include\glm\fwd.hpp(419): message : vedere la dichiarazione di 'glm::vec<4,float,glm::packed_highp>'
C:\Users\giair\Documents\Lavoro\Portfolio\GraphicEngine\Engine\Light.h(33,12): warning C4251: 'Light::diffuse': struct 'glm::vec<4,float,glm::packed_highp>' deve avere un'interfaccia dll per essere utilizzata dai client di class 'Light'
C:\Users\giair\Documents\Lavoro\Portfolio\GraphicEngine\dependencies\glm\include\glm\fwd.hpp(419): message : vedere la dichiarazione di 'glm::vec<4,float,glm::packed_highp>'
C:\Users\giair\Documents\Lavoro\Portfolio\GraphicEngine\Engine\Light.h(34,12): warning C4251: 'Light::specular': struct 'glm::vec<4,float,glm::packed_highp>' deve avere un'interfaccia dll per essere utilizzata dai client di class 'Light'
C:\Users\giair\Documents\Lavoro\Portfolio\GraphicEngine\dependencies\glm\include\glm\fwd.hpp(419): message : vedere la dichiarazione di 'glm::vec<4,float,glm::packed_highp>'
C:\Users\giair\Documents\Lavoro\Portfolio\GraphicEngine\Engine\Light.h(35,12): warning C4251: 'Light::position': struct 'glm::vec<4,float,glm::packed_highp>' deve avere un'interfaccia dll per essere utilizzata dai client di class 'Light'
C:\Users\giair\Documents\Lavoro\Portfolio\GraphicEngine\dependencies\glm\include\glm\fwd.hpp(419): message : vedere la dichiarazione di 'glm::vec<4,float,glm::packed_highp>'
  Projection.cpp
C:\Users\giair\Documents\Lavoro\Portfolio\GraphicEngine\Engine\Projection.h(27,13): warning C4251: 'Projection::projection': struct 'glm::mat<4,4,glm::f32,glm::packed_highp>' deve avere un'interfaccia dll per essere utilizzata dai client di class 'Projection'
C:\Users\giair\Documents\Lavoro\Portfolio\GraphicEngine\dependencies\glm\include\glm\fwd.hpp(518): message : vedere la dichiarazione di 'glm::mat<4,4,glm::f32,glm::packed_highp>'
  SpotLight.cpp
C:\Users\giair\Documents\Lavoro\Portfolio\GraphicEngine\Engine\Object.h(29,15): warning C4251: 'Object::name': class 'std::basic_string<char,std::char_traits<char>,std::allocator<char>>' deve avere un'interfaccia dll per essere utilizzata dai client di class 'Object'
C:\Program Files (x86)\Microsoft Visual Studio\2019\Community\VC\Tools\MSVC\14.29.30133\include\xstring(4871): message : vedere la dichiarazione di 'std::basic_string<char,std::char_traits<char>,std::allocator<char>>'
C:\Users\giair\Documents\Lavoro\Portfolio\GraphicEngine\Engine\Node.h(41,22): warning C4251: 'Node::children': class 'std::vector<Node *,std::allocator<Node *>>' deve avere un'interfaccia dll per essere utilizzata dai client di class 'Node'
C:\Users\giair\Documents\Lavoro\Portfolio\GraphicEngine\Engine\Node.h(41): message : vedere la dichiarazione di 'std::vector<Node *,std::allocator<Node *>>'
C:\Users\giair\Documents\Lavoro\Portfolio\GraphicEngine\Engine\Node.h(43,13): warning C4251: 'Node::transform': struct 'glm::mat<4,4,glm::f32,glm::packed_highp>' deve avere un'interfaccia dll per essere utilizzata dai client di class 'Node'
C:\Users\giair\Documents\Lavoro\Portfolio\GraphicEngine\dependencies\glm\include\glm\fwd.hpp(518): message : vedere la dichiarazione di 'glm::mat<4,4,glm::f32,glm::packed_highp>'
C:\Users\giair\Documents\Lavoro\Portfolio\GraphicEngine\Engine\Light.h(32,12): warning C4251: 'Light::ambient': struct 'glm::vec<4,float,glm::packed_highp>' deve avere un'interfaccia dll per essere utilizzata dai client di class 'Light'
C:\Users\giair\Documents\Lavoro\Portfolio\GraphicEngine\dependencies\glm\include\glm\fwd.hpp(419): message : vedere la dichiarazione di 'glm::vec<4,float,glm::packed_highp>'
C:\Users\giair\Documents\Lavoro\Portfolio\GraphicEngine\Engine\Light.h(33,12): warning C4251: 'Light::diffuse': struct 'glm::vec<4,float,glm::packed_highp>' deve avere un'interfaccia dll per essere utilizzata dai client di class 'Light'
C:\Users\giair\Documents\Lavoro\Portfolio\GraphicEngine\dependencies\glm\include\glm\fwd.hpp(419): message : vedere la dichiarazione di 'glm::vec<4,float,glm::packed_highp>'
C:\Users\giair\Documents\Lavoro\Portfolio\GraphicEngine\Engine\Light.h(34,12): warning C4251: 'Light::specular': struct 'glm::vec<4,float,glm::packed_highp>' deve avere un'interfaccia dll per essere utilizzata dai client di class 'Light'
C:\Users\giair\Documents\Lavoro\Portfolio\GraphicEngine\dependencies\glm\include\glm\fwd.hpp(419): message : vedere la dichiarazione di 'glm::vec<4,float,glm::packed_highp>'
C:\Users\giair\Documents\Lavoro\Portfolio\GraphicEngine\Engine\Light.h(35,12): warning C4251: 'Light::position': struct 'glm::vec<4,float,glm::packed_highp>' deve avere un'interfaccia dll per essere utilizzata dai client di class 'Light'
C:\Users\giair\Documents\Lavoro\Portfolio\GraphicEngine\dependencies\glm\include\glm\fwd.hpp(419): message : vedere la dichiarazione di 'glm::vec<4,float,glm::packed_highp>'
C:\Users\giair\Documents\Lavoro\Portfolio\GraphicEngine\Engine\SpotLight.h(17,12): warning C4251: 'SpotLight::direction': struct 'glm::vec<3,float,glm::packed_highp>' deve avere un'interfaccia dll per essere utilizzata dai client di class 'SpotLight'
C:\Users\giair\Documents\Lavoro\Portfolio\GraphicEngine\dependencies\glm\include\glm\fwd.hpp(418): message : vedere la dichiarazione di 'glm::vec<3,float,glm::packed_highp>'
  Texture.cpp
C:\Users\giair\Documents\Lavoro\Portfolio\GraphicEngine\Engine\Object.h(29,15): warning C4251: 'Object::name': class 'std::basic_string<char,std::char_traits<char>,std::allocator<char>>' deve avere un'interfaccia dll per essere utilizzata dai client di class 'Object'
C:\Program Files (x86)\Microsoft Visual Studio\2019\Community\VC\Tools\MSVC\14.29.30133\include\xstring(4871): message : vedere la dichiarazione di 'std::basic_string<char,std::char_traits<char>,std::allocator<char>>'
C:\Users\giair\Documents\Lavoro\Portfolio\GraphicEngine\Engine\Texture.h(23,21): warning C4251: 'Texture::path': class 'std::basic_string<char,std::char_traits<char>,std::allocator<char>>' deve avere un'interfaccia dll per essere utilizzata dai client di class 'Texture'
C:\Program Files (x86)\Microsoft Visual Studio\2019\Community\VC\Tools\MSVC\14.29.30133\include\xstring(4871): message : vedere la dichiarazione di 'std::basic_string<char,std::char_traits<char>,std::allocator<char>>'
  UIProjection.cpp
C:\Users\giair\Documents\Lavoro\Portfolio\GraphicEngine\Engine\Projection.h(27,13): warning C4251: 'Projection::projection': struct 'glm::mat<4,4,glm::f32,glm::packed_highp>' deve avere un'interfaccia dll per essere utilizzata dai client di class 'Projection'
C:\Users\giair\Documents\Lavoro\Portfolio\GraphicEngine\dependencies\glm\include\glm\fwd.hpp(518): message : vedere la dichiarazione di 'glm::mat<4,4,glm::f32,glm::packed_highp>'
C:\Users\giair\Documents\Lavoro\Portfolio\GraphicEngine\Engine\UIProjection.h(22,27): warning C4251: 'UIProjection::labels': class 'std::vector<std::string,std::allocator<std::string>>' deve avere un'interfaccia dll per essere utilizzata dai client di class 'UIProjection'
C:\Users\giair\Documents\Lavoro\Portfolio\GraphicEngine\Engine\UIProjection.h(22): message : vedere la dichiarazione di 'std::vector<std::string,std::allocator<std::string>>'
C:\Users\giair\Documents\Lavoro\Portfolio\GraphicEngine\Engine\UIProjection.h(23,12): warning C4251: 'UIProjection::color': struct 'glm::vec<3,float,glm::packed_highp>' deve avere un'interfaccia dll per essere utilizzata dai client di class 'UIProjection'
C:\Users\giair\Documents\Lavoro\Portfolio\GraphicEngine\dependencies\glm\include\glm\fwd.hpp(418): message : vedere la dichiarazione di 'glm::vec<3,float,glm::packed_highp>'
  Vertex.cpp
C:\Users\giair\Documents\Lavoro\Portfolio\GraphicEngine\Engine\Vertex.h(20,12): warning C4251: 'Vertex::position': struct 'glm::vec<3,float,glm::packed_highp>' deve avere un'interfaccia dll per essere utilizzata dai client di class 'Vertex'
C:\Users\giair\Documents\Lavoro\Portfolio\GraphicEngine\dependencies\glm\include\glm\fwd.hpp(418): message : vedere la dichiarazione di 'glm::vec<3,float,glm::packed_highp>'
C:\Users\giair\Documents\Lavoro\Portfolio\GraphicEngine\Engine\Vertex.h(21,12): warning C4251: 'Vertex::normal': struct 'glm::vec<3,float,glm::packed_highp>' deve avere un'interfaccia dll per essere utilizzata dai client di class 'Vertex'
C:\Users\giair\Documents\Lavoro\Portfolio\GraphicEngine\dependencies\glm\include\glm\fwd.hpp(418): message : vedere la dichiarazione di 'glm::vec<3,float,glm::packed_highp>'
C:\Users\giair\Documents\Lavoro\Portfolio\GraphicEngine\Engine\Vertex.h(22,12): warning C4251: 'Vertex::textureCoordinates': struct 'glm::vec<2,float,glm::packed_highp>' deve avere un'interfaccia dll per essere utilizzata dai client di class 'Vertex'
C:\Users\giair\Documents\Lavoro\Portfolio\GraphicEngine\dependencies\glm\include\glm\fwd.hpp(417): message : vedere la dichiarazione di 'glm::vec<2,float,glm::packed_highp>'
  Generazione del codice in corso...
C:\Users\giair\Documents\Lavoro\Portfolio\GraphicEngine\Engine\FileReader.cpp(433): warning C4715: 'FileReader::recursiveLoad': non tutti i percorsi di controllo restituiscono un valore
     Creazione della libreria C:\Users\giair\Documents\Lavoro\Portfolio\GraphicEngine\x64\Release\Engine.lib e dell'oggetto C:\Users\giair\Documents\Lavoro\Portfolio\GraphicEngine\x64\Release\Engine.exp
  LINK : è stata specificata l'opzione /LTCG ma non è richiesta la generazione del codice; rimuovere /LTCG dalla riga di comando del collegamento per migliorare le prestazioni del linker
  Engine.vcxproj -> C:\Users\giair\Documents\Lavoro\Portfolio\GraphicEngine\x64\Release\Engine.dll
